[debug] [2021-01-14T23:15:21.738Z] ----------------------------------------------------------------------
[debug] [2021-01-14T23:15:21.739Z] Command:       /usr/local/bin/node /home/fabricio/code/nftfy-backend/node_modules/.bin/firebase emulators:start --only functions
[debug] [2021-01-14T23:15:21.739Z] CLI Version:   9.2.0
[debug] [2021-01-14T23:15:21.739Z] Platform:      linux
[debug] [2021-01-14T23:15:21.739Z] Node Version:  v12.20.1
[debug] [2021-01-14T23:15:21.739Z] Time:          Thu Jan 14 2021 20:15:21 GMT-0300 (Brasilia Standard Time)
[debug] [2021-01-14T23:15:21.739Z] ----------------------------------------------------------------------
[debug] [2021-01-14T23:15:21.740Z] 
[debug] [2021-01-14T23:15:21.743Z] > command requires scopes: ["email","openid","https://www.googleapis.com/auth/cloudplatformprojects.readonly","https://www.googleapis.com/auth/firebase","https://www.googleapis.com/auth/cloud-platform"]
[debug] [2021-01-14T23:15:21.743Z] > authorizing via signed-in user
[info] i  emulators: Starting emulators: functions {"metadata":{"emulator":{"name":"hub"},"message":"Starting emulators: functions"}}
[debug] [2021-01-14T23:15:21.752Z] [hub] writing locator at /tmp/hub-nftfy-dev.json
[warn] ⚠  functions: The following emulators are not running, calls to these services from the Functions emulator will affect production: auth, firestore, database, hosting, pubsub {"metadata":{"emulator":{"name":"functions"},"message":"The following emulators are not running, calls to these services from the Functions emulator will affect production: \u001b[1mauth, firestore, database, hosting, pubsub\u001b[22m"}}
[info] ✔  functions: Using node@12 from host. {"metadata":{"emulator":{"name":"functions"},"message":"Using node@12 from host."}}
[debug] [2021-01-14T23:15:21.770Z] defaultcredentials: writing to file /home/fabricio/.config/firebase/fabriciomirandabr_gmail_com_application_default_credentials.json
[debug] [2021-01-14T23:15:21.772Z] Setting GAC to /home/fabricio/.config/firebase/fabriciomirandabr_gmail_com_application_default_credentials.json {"metadata":{"emulator":{"name":"functions"},"message":"Setting GAC to /home/fabricio/.config/firebase/fabriciomirandabr_gmail_com_application_default_credentials.json"}}
[debug] [2021-01-14T23:15:21.775Z] >>> [apiv2][query] GET https://firebase.googleapis.com/v1beta1/projects/nftfy-dev/adminSdkConfig [none]
[debug] [2021-01-14T23:15:22.228Z] <<< [apiv2][status] GET https://firebase.googleapis.com/v1beta1/projects/nftfy-dev/adminSdkConfig 200
[debug] [2021-01-14T23:15:22.228Z] <<< [apiv2][body] GET https://firebase.googleapis.com/v1beta1/projects/nftfy-dev/adminSdkConfig {"projectId":"nftfy-dev","storageBucket":"nftfy-dev.appspot.com"}
[debug] [2021-01-14T23:15:22.237Z] Ignoring unsupported arg: auto_download {"metadata":{"emulator":{"name":"ui"},"message":"Ignoring unsupported arg: auto_download"}}
[debug] [2021-01-14T23:15:22.237Z] Ignoring unsupported arg: port {"metadata":{"emulator":{"name":"ui"},"message":"Ignoring unsupported arg: port"}}
[debug] [2021-01-14T23:15:22.237Z] Starting Emulator UI with command {"binary":"node","args":["/home/fabricio/.cache/firebase/emulators/ui-v1.4.1/server.bundle.js"],"optionalArgs":[],"joinArgs":false} {"metadata":{"emulator":{"name":"ui"},"message":"Starting Emulator UI with command {\"binary\":\"node\",\"args\":[\"/home/fabricio/.cache/firebase/emulators/ui-v1.4.1/server.bundle.js\"],\"optionalArgs\":[],\"joinArgs\":false}"}}
[info] i  ui: Emulator UI logging to ui-debug.log {"metadata":{"emulator":{"name":"ui"},"message":"Emulator UI logging to \u001b[1mui-debug.log\u001b[22m"}}
[debug] [2021-01-14T23:15:22.293Z] Web / API server started at http://127.0.0.1:4000
 {"metadata":{"emulator":{"name":"ui"},"message":"Web / API server started at http://127.0.0.1:4000\n"}}
[info] i  functions: Watching "/home/fabricio/code/nftfy-backend" for Cloud Functions... {"metadata":{"emulator":{"name":"functions"},"message":"Watching \"/home/fabricio/code/nftfy-backend\" for Cloud Functions..."}}
[debug] [2021-01-14T23:15:22.503Z] [worker-pool] addWorker(~diagnostic~) {"metadata":{"emulator":{"name":"functions"},"message":"[worker-pool] addWorker(~diagnostic~)"}}
[debug] [2021-01-14T23:15:22.503Z] [worker-pool] Adding worker with key ~diagnostic~, total=1 {"metadata":{"emulator":{"name":"functions"},"message":"[worker-pool] Adding worker with key ~diagnostic~, total=1"}}
[debug] [2021-01-14T23:15:22.503Z] [worker-pool] submitWork(triggerId=) {"metadata":{"emulator":{"name":"functions"},"message":"[worker-pool] submitWork(triggerId=)"}}
[debug] [2021-01-14T23:15:22.504Z] [worker-~diagnostic~-32fcbaea-32a5-4d81-ac40-368ec90accff]: Assigning socketPath: /tmp/fire_emu_5581.sock {"metadata":{"emulator":{"name":"functions"},"message":"[worker-~diagnostic~-32fcbaea-32a5-4d81-ac40-368ec90accff]: Assigning socketPath: /tmp/fire_emu_5581.sock"}}
[debug] [2021-01-14T23:15:22.504Z] [worker-~diagnostic~-32fcbaea-32a5-4d81-ac40-368ec90accff]: BUSY {"metadata":{"emulator":{"name":"functions"},"message":"[worker-~diagnostic~-32fcbaea-32a5-4d81-ac40-368ec90accff]: BUSY"}}
[debug] [2021-01-14T23:15:22.593Z] [runtime-status] [5581] Functions runtime initialized. {"cwd":"/home/fabricio/code/nftfy-backend","node_version":"12.20.1"} {"metadata":{"emulator":{"name":"functions"},"message":"[runtime-status] [5581] Functions runtime initialized. {\"cwd\":\"/home/fabricio/code/nftfy-backend\",\"node_version\":\"12.20.1\"}"}}
[debug] [2021-01-14T23:15:22.593Z] [runtime-status] [5581] Disabled runtime features: undefined {"metadata":{"emulator":{"name":"functions"},"message":"[runtime-status] [5581] Disabled runtime features: undefined"}}
[debug] [2021-01-14T23:15:22.596Z] [runtime-status] [5581] Resolved module firebase-admin {"declared":true,"installed":true,"version":"9.4.2","resolution":"/home/fabricio/code/nftfy-backend/node_modules/firebase-admin/lib/index.js"} {"metadata":{"emulator":{"name":"functions"},"message":"[runtime-status] [5581] Resolved module firebase-admin {\"declared\":true,\"installed\":true,\"version\":\"9.4.2\",\"resolution\":\"/home/fabricio/code/nftfy-backend/node_modules/firebase-admin/lib/index.js\"}"}}
[debug] [2021-01-14T23:15:22.596Z] [runtime-status] [5581] Resolved module firebase-functions {"declared":true,"installed":true,"version":"3.13.0","resolution":"/home/fabricio/code/nftfy-backend/node_modules/firebase-functions/lib/index.js"} {"metadata":{"emulator":{"name":"functions"},"message":"[runtime-status] [5581] Resolved module firebase-functions {\"declared\":true,\"installed\":true,\"version\":\"3.13.0\",\"resolution\":\"/home/fabricio/code/nftfy-backend/node_modules/firebase-functions/lib/index.js\"}"}}
[debug] [2021-01-14T23:15:22.598Z] [runtime-status] [5581] Resolved module firebase-functions {"declared":true,"installed":true,"version":"3.13.0","resolution":"/home/fabricio/code/nftfy-backend/node_modules/firebase-functions/lib/index.js"} {"metadata":{"emulator":{"name":"functions"},"message":"[runtime-status] [5581] Resolved module firebase-functions {\"declared\":true,\"installed\":true,\"version\":\"3.13.0\",\"resolution\":\"/home/fabricio/code/nftfy-backend/node_modules/firebase-functions/lib/index.js\"}"}}
[debug] [2021-01-14T23:15:22.600Z] [runtime-status] [5581] Outgoing network have been stubbed. [{"name":"http","status":"mocked"},{"name":"http","status":"mocked"},{"name":"https","status":"mocked"},{"name":"https","status":"mocked"},{"name":"net","status":"mocked"}] {"metadata":{"emulator":{"name":"functions"},"message":"[runtime-status] [5581] Outgoing network have been stubbed. [{\"name\":\"http\",\"status\":\"mocked\"},{\"name\":\"http\",\"status\":\"mocked\"},{\"name\":\"https\",\"status\":\"mocked\"},{\"name\":\"https\",\"status\":\"mocked\"},{\"name\":\"net\",\"status\":\"mocked\"}]"}}
[debug] [2021-01-14T23:15:22.600Z] [runtime-status] [5581] Resolved module firebase-functions {"declared":true,"installed":true,"version":"3.13.0","resolution":"/home/fabricio/code/nftfy-backend/node_modules/firebase-functions/lib/index.js"} {"metadata":{"emulator":{"name":"functions"},"message":"[runtime-status] [5581] Resolved module firebase-functions {\"declared\":true,\"installed\":true,\"version\":\"3.13.0\",\"resolution\":\"/home/fabricio/code/nftfy-backend/node_modules/firebase-functions/lib/index.js\"}"}}
[debug] [2021-01-14T23:15:22.615Z] [runtime-status] [5581] Checked functions.config() {"config":{}} {"metadata":{"emulator":{"name":"functions"},"message":"[runtime-status] [5581] Checked functions.config() {\"config\":{}}"}}
[debug] [2021-01-14T23:15:22.615Z] [runtime-status] [5581] firebase-functions has been stubbed. {"functionsResolution":{"declared":true,"installed":true,"version":"3.13.0","resolution":"/home/fabricio/code/nftfy-backend/node_modules/firebase-functions/lib/index.js"}} {"metadata":{"emulator":{"name":"functions"},"message":"[runtime-status] [5581] firebase-functions has been stubbed. {\"functionsResolution\":{\"declared\":true,\"installed\":true,\"version\":\"3.13.0\",\"resolution\":\"/home/fabricio/code/nftfy-backend/node_modules/firebase-functions/lib/index.js\"}}"}}
[debug] [2021-01-14T23:15:22.615Z] [runtime-status] [5581] Resolved module firebase-functions {"declared":true,"installed":true,"version":"3.13.0","resolution":"/home/fabricio/code/nftfy-backend/node_modules/firebase-functions/lib/index.js"} {"metadata":{"emulator":{"name":"functions"},"message":"[runtime-status] [5581] Resolved module firebase-functions {\"declared\":true,\"installed\":true,\"version\":\"3.13.0\",\"resolution\":\"/home/fabricio/code/nftfy-backend/node_modules/firebase-functions/lib/index.js\"}"}}
[debug] [2021-01-14T23:15:22.616Z] [runtime-status] [5581] Resolved module firebase-admin {"declared":true,"installed":true,"version":"9.4.2","resolution":"/home/fabricio/code/nftfy-backend/node_modules/firebase-admin/lib/index.js"} {"metadata":{"emulator":{"name":"functions"},"message":"[runtime-status] [5581] Resolved module firebase-admin {\"declared\":true,\"installed\":true,\"version\":\"9.4.2\",\"resolution\":\"/home/fabricio/code/nftfy-backend/node_modules/firebase-admin/lib/index.js\"}"}}
[debug] [2021-01-14T23:15:22.616Z] [runtime-status] [5581] Resolved module firebase-functions {"declared":true,"installed":true,"version":"3.13.0","resolution":"/home/fabricio/code/nftfy-backend/node_modules/firebase-functions/lib/index.js"} {"metadata":{"emulator":{"name":"functions"},"message":"[runtime-status] [5581] Resolved module firebase-functions {\"declared\":true,\"installed\":true,\"version\":\"3.13.0\",\"resolution\":\"/home/fabricio/code/nftfy-backend/node_modules/firebase-functions/lib/index.js\"}"}}
[debug] [2021-01-14T23:15:22.616Z] [runtime-status] [5581] firebase-admin has been stubbed. {"adminResolution":{"declared":true,"installed":true,"version":"9.4.2","resolution":"/home/fabricio/code/nftfy-backend/node_modules/firebase-admin/lib/index.js"}} {"metadata":{"emulator":{"name":"functions"},"message":"[runtime-status] [5581] firebase-admin has been stubbed. {\"adminResolution\":{\"declared\":true,\"installed\":true,\"version\":\"9.4.2\",\"resolution\":\"/home/fabricio/code/nftfy-backend/node_modules/firebase-admin/lib/index.js\"}}"}}
[info] ✔  functions[api]: http function initialized (http://127.0.0.1:5001/nftfy-dev/us-central1/api). {"metadata":{"emulator":{"name":"functions"},"message":"\u001b[1mhttp\u001b[22m function initialized (http://127.0.0.1:5001/nftfy-dev/us-central1/api)."}}
[info] 
┌─────────────────────────────────────────────────────────────┐
│ ✔  All emulators ready! It is now safe to connect your app. │
│ i  View Emulator UI at http://127.0.0.1:4000                │
└─────────────────────────────────────────────────────────────┘

┌───────────┬────────────────┬─────────────────────────────────┐
│ Emulator  │ Host:Port      │ View in Emulator UI             │
├───────────┼────────────────┼─────────────────────────────────┤
│ Functions │ 127.0.0.1:5001 │ http://127.0.0.1:4000/functions │
└───────────┴────────────────┴─────────────────────────────────┘
  Emulator Hub running at 127.0.0.1:4400
  Other reserved ports: 4500

Issues? Report them at https://github.com/firebase/firebase-tools/issues and attach the *-debug.log files.
 
[debug] [2021-01-14T23:15:22.665Z] [worker-~diagnostic~-32fcbaea-32a5-4d81-ac40-368ec90accff]: IDLE {"metadata":{"emulator":{"name":"functions"},"message":"[worker-~diagnostic~-32fcbaea-32a5-4d81-ac40-368ec90accff]: IDLE"}}
[debug] [2021-01-14T23:15:22.899Z] File /home/fabricio/code/nftfy-backend/build/types/EthereumTypes.js changed, reloading triggers {"metadata":{"emulator":{"name":"functions"},"message":"File /home/fabricio/code/nftfy-backend/build/types/EthereumTypes.js changed, reloading triggers"}}
[debug] [2021-01-14T23:15:22.904Z] File /home/fabricio/code/nftfy-backend/build/services/WalletService.js changed, reloading triggers {"metadata":{"emulator":{"name":"functions"},"message":"File /home/fabricio/code/nftfy-backend/build/services/WalletService.js changed, reloading triggers"}}
[debug] [2021-01-14T23:15:22.908Z] File /home/fabricio/code/nftfy-backend/build/controllers/WalletController.js changed, reloading triggers {"metadata":{"emulator":{"name":"functions"},"message":"File /home/fabricio/code/nftfy-backend/build/controllers/WalletController.js changed, reloading triggers"}}
[debug] [2021-01-14T23:15:22.911Z] File /home/fabricio/code/nftfy-backend/build/routes.js changed, reloading triggers {"metadata":{"emulator":{"name":"functions"},"message":"File /home/fabricio/code/nftfy-backend/build/routes.js changed, reloading triggers"}}
[debug] [2021-01-14T23:15:22.914Z] File /home/fabricio/code/nftfy-backend/build/App.js changed, reloading triggers {"metadata":{"emulator":{"name":"functions"},"message":"File /home/fabricio/code/nftfy-backend/build/App.js changed, reloading triggers"}}
[debug] [2021-01-14T23:15:23.914Z] [worker-pool] Shutting down IDLE worker (~diagnostic~) {"metadata":{"emulator":{"name":"functions"},"message":"[worker-pool] Shutting down IDLE worker (~diagnostic~)"}}
[debug] [2021-01-14T23:15:23.915Z] [worker-~diagnostic~-32fcbaea-32a5-4d81-ac40-368ec90accff]: FINISHING {"metadata":{"emulator":{"name":"functions"},"message":"[worker-~diagnostic~-32fcbaea-32a5-4d81-ac40-368ec90accff]: FINISHING"}}
[debug] [2021-01-14T23:15:23.922Z] [worker-pool] addWorker(~diagnostic~) {"metadata":{"emulator":{"name":"functions"},"message":"[worker-pool] addWorker(~diagnostic~)"}}
[debug] [2021-01-14T23:15:23.923Z] [worker-pool] Adding worker with key ~diagnostic~, total=2 {"metadata":{"emulator":{"name":"functions"},"message":"[worker-pool] Adding worker with key ~diagnostic~, total=2"}}
[debug] [2021-01-14T23:15:23.923Z] [worker-pool] submitWork(triggerId=) {"metadata":{"emulator":{"name":"functions"},"message":"[worker-pool] submitWork(triggerId=)"}}
[debug] [2021-01-14T23:15:23.923Z] [worker-~diagnostic~-7bdee73b-d016-44a9-b2b1-c292ccb22687]: Assigning socketPath: /tmp/fire_emu_5591.sock {"metadata":{"emulator":{"name":"functions"},"message":"[worker-~diagnostic~-7bdee73b-d016-44a9-b2b1-c292ccb22687]: Assigning socketPath: /tmp/fire_emu_5591.sock"}}
[debug] [2021-01-14T23:15:23.923Z] [worker-~diagnostic~-7bdee73b-d016-44a9-b2b1-c292ccb22687]: BUSY {"metadata":{"emulator":{"name":"functions"},"message":"[worker-~diagnostic~-7bdee73b-d016-44a9-b2b1-c292ccb22687]: BUSY"}}
[debug] [2021-01-14T23:15:23.924Z] [worker-~diagnostic~-32fcbaea-32a5-4d81-ac40-368ec90accff]: exited {"metadata":{"emulator":{"name":"functions"},"message":"[worker-~diagnostic~-32fcbaea-32a5-4d81-ac40-368ec90accff]: exited"}}
[debug] [2021-01-14T23:15:23.924Z] [worker-~diagnostic~-32fcbaea-32a5-4d81-ac40-368ec90accff]: FINISHED {"metadata":{"emulator":{"name":"functions"},"message":"[worker-~diagnostic~-32fcbaea-32a5-4d81-ac40-368ec90accff]: FINISHED"}}
[debug] [2021-01-14T23:15:23.998Z] [runtime-status] [5591] Functions runtime initialized. {"cwd":"/home/fabricio/code/nftfy-backend","node_version":"12.20.1"} {"metadata":{"emulator":{"name":"functions"},"message":"[runtime-status] [5591] Functions runtime initialized. {\"cwd\":\"/home/fabricio/code/nftfy-backend\",\"node_version\":\"12.20.1\"}"}}
[debug] [2021-01-14T23:15:24.000Z] [runtime-status] [5591] Disabled runtime features: undefined {"metadata":{"emulator":{"name":"functions"},"message":"[runtime-status] [5591] Disabled runtime features: undefined"}}
[debug] [2021-01-14T23:15:24.000Z] [runtime-status] [5591] Resolved module firebase-admin {"declared":true,"installed":true,"version":"9.4.2","resolution":"/home/fabricio/code/nftfy-backend/node_modules/firebase-admin/lib/index.js"} {"metadata":{"emulator":{"name":"functions"},"message":"[runtime-status] [5591] Resolved module firebase-admin {\"declared\":true,\"installed\":true,\"version\":\"9.4.2\",\"resolution\":\"/home/fabricio/code/nftfy-backend/node_modules/firebase-admin/lib/index.js\"}"}}
[debug] [2021-01-14T23:15:24.002Z] [runtime-status] [5591] Resolved module firebase-functions {"declared":true,"installed":true,"version":"3.13.0","resolution":"/home/fabricio/code/nftfy-backend/node_modules/firebase-functions/lib/index.js"} {"metadata":{"emulator":{"name":"functions"},"message":"[runtime-status] [5591] Resolved module firebase-functions {\"declared\":true,\"installed\":true,\"version\":\"3.13.0\",\"resolution\":\"/home/fabricio/code/nftfy-backend/node_modules/firebase-functions/lib/index.js\"}"}}
[debug] [2021-01-14T23:15:24.002Z] [runtime-status] [5591] Resolved module firebase-functions {"declared":true,"installed":true,"version":"3.13.0","resolution":"/home/fabricio/code/nftfy-backend/node_modules/firebase-functions/lib/index.js"} {"metadata":{"emulator":{"name":"functions"},"message":"[runtime-status] [5591] Resolved module firebase-functions {\"declared\":true,\"installed\":true,\"version\":\"3.13.0\",\"resolution\":\"/home/fabricio/code/nftfy-backend/node_modules/firebase-functions/lib/index.js\"}"}}
[debug] [2021-01-14T23:15:24.004Z] [runtime-status] [5591] Outgoing network have been stubbed. [{"name":"http","status":"mocked"},{"name":"http","status":"mocked"},{"name":"https","status":"mocked"},{"name":"https","status":"mocked"},{"name":"net","status":"mocked"}] {"metadata":{"emulator":{"name":"functions"},"message":"[runtime-status] [5591] Outgoing network have been stubbed. [{\"name\":\"http\",\"status\":\"mocked\"},{\"name\":\"http\",\"status\":\"mocked\"},{\"name\":\"https\",\"status\":\"mocked\"},{\"name\":\"https\",\"status\":\"mocked\"},{\"name\":\"net\",\"status\":\"mocked\"}]"}}
[debug] [2021-01-14T23:15:24.004Z] [runtime-status] [5591] Resolved module firebase-functions {"declared":true,"installed":true,"version":"3.13.0","resolution":"/home/fabricio/code/nftfy-backend/node_modules/firebase-functions/lib/index.js"} {"metadata":{"emulator":{"name":"functions"},"message":"[runtime-status] [5591] Resolved module firebase-functions {\"declared\":true,\"installed\":true,\"version\":\"3.13.0\",\"resolution\":\"/home/fabricio/code/nftfy-backend/node_modules/firebase-functions/lib/index.js\"}"}}
[debug] [2021-01-14T23:15:24.017Z] [runtime-status] [5591] Checked functions.config() {"config":{}} {"metadata":{"emulator":{"name":"functions"},"message":"[runtime-status] [5591] Checked functions.config() {\"config\":{}}"}}
[debug] [2021-01-14T23:15:24.018Z] [runtime-status] [5591] firebase-functions has been stubbed. {"functionsResolution":{"declared":true,"installed":true,"version":"3.13.0","resolution":"/home/fabricio/code/nftfy-backend/node_modules/firebase-functions/lib/index.js"}} {"metadata":{"emulator":{"name":"functions"},"message":"[runtime-status] [5591] firebase-functions has been stubbed. {\"functionsResolution\":{\"declared\":true,\"installed\":true,\"version\":\"3.13.0\",\"resolution\":\"/home/fabricio/code/nftfy-backend/node_modules/firebase-functions/lib/index.js\"}}"}}
[debug] [2021-01-14T23:15:24.018Z] [runtime-status] [5591] Resolved module firebase-functions {"declared":true,"installed":true,"version":"3.13.0","resolution":"/home/fabricio/code/nftfy-backend/node_modules/firebase-functions/lib/index.js"} {"metadata":{"emulator":{"name":"functions"},"message":"[runtime-status] [5591] Resolved module firebase-functions {\"declared\":true,\"installed\":true,\"version\":\"3.13.0\",\"resolution\":\"/home/fabricio/code/nftfy-backend/node_modules/firebase-functions/lib/index.js\"}"}}
[debug] [2021-01-14T23:15:24.019Z] [runtime-status] [5591] Resolved module firebase-admin {"declared":true,"installed":true,"version":"9.4.2","resolution":"/home/fabricio/code/nftfy-backend/node_modules/firebase-admin/lib/index.js"} {"metadata":{"emulator":{"name":"functions"},"message":"[runtime-status] [5591] Resolved module firebase-admin {\"declared\":true,\"installed\":true,\"version\":\"9.4.2\",\"resolution\":\"/home/fabricio/code/nftfy-backend/node_modules/firebase-admin/lib/index.js\"}"}}
[debug] [2021-01-14T23:15:24.019Z] [runtime-status] [5591] Resolved module firebase-functions {"declared":true,"installed":true,"version":"3.13.0","resolution":"/home/fabricio/code/nftfy-backend/node_modules/firebase-functions/lib/index.js"} {"metadata":{"emulator":{"name":"functions"},"message":"[runtime-status] [5591] Resolved module firebase-functions {\"declared\":true,\"installed\":true,\"version\":\"3.13.0\",\"resolution\":\"/home/fabricio/code/nftfy-backend/node_modules/firebase-functions/lib/index.js\"}"}}
[debug] [2021-01-14T23:15:24.019Z] [runtime-status] [5591] firebase-admin has been stubbed. {"adminResolution":{"declared":true,"installed":true,"version":"9.4.2","resolution":"/home/fabricio/code/nftfy-backend/node_modules/firebase-admin/lib/index.js"}} {"metadata":{"emulator":{"name":"functions"},"message":"[runtime-status] [5591] firebase-admin has been stubbed. {\"adminResolution\":{\"declared\":true,\"installed\":true,\"version\":\"9.4.2\",\"resolution\":\"/home/fabricio/code/nftfy-backend/node_modules/firebase-admin/lib/index.js\"}}"}}
[debug] [2021-01-14T23:15:24.055Z] [worker-~diagnostic~-7bdee73b-d016-44a9-b2b1-c292ccb22687]: IDLE {"metadata":{"emulator":{"name":"functions"},"message":"[worker-~diagnostic~-7bdee73b-d016-44a9-b2b1-c292ccb22687]: IDLE"}}
[debug] [2021-01-14T23:15:26.407Z] [work-queue] {"queueLength":1,"workRunningCount":0}
[debug] [2021-01-14T23:15:26.407Z] [work-queue] {"queueLength":0,"workRunningCount":1}
[debug] [2021-01-14T23:15:26.407Z] Accepted request GET /nftfy-dev/us-central1/api/wallet/123/erc721 --> api
[debug] [2021-01-14T23:15:26.407Z] [worker-pool] Cleaned up workers for ~diagnostic~: 2 --> 1 {"metadata":{"emulator":{"name":"functions"},"message":"[worker-pool] Cleaned up workers for ~diagnostic~: 2 --> 1"}}
[debug] [2021-01-14T23:15:26.411Z] [worker-pool] addWorker(api) {"metadata":{"emulator":{"name":"functions"},"message":"[worker-pool] addWorker(api)"}}
[debug] [2021-01-14T23:15:26.411Z] [worker-pool] Adding worker with key api, total=1 {"metadata":{"emulator":{"name":"functions"},"message":"[worker-pool] Adding worker with key api, total=1"}}
[debug] [2021-01-14T23:15:26.411Z] [worker-pool] submitWork(triggerId=api) {"metadata":{"emulator":{"name":"functions"},"message":"[worker-pool] submitWork(triggerId=api)"}}
[debug] [2021-01-14T23:15:26.412Z] [worker-api-de6eef46-4757-4b12-a6b0-08dc7a3d7d7f]: Assigning socketPath: /tmp/fire_emu_5609.sock {"metadata":{"emulator":{"name":"functions"},"message":"[worker-api-de6eef46-4757-4b12-a6b0-08dc7a3d7d7f]: Assigning socketPath: /tmp/fire_emu_5609.sock"}}
[debug] [2021-01-14T23:15:26.412Z] [worker-api-de6eef46-4757-4b12-a6b0-08dc7a3d7d7f]: BUSY {"metadata":{"emulator":{"name":"functions"},"message":"[worker-api-de6eef46-4757-4b12-a6b0-08dc7a3d7d7f]: BUSY"}}
[debug] [2021-01-14T23:15:26.491Z] [runtime-status] [5609] Functions runtime initialized. {"cwd":"/home/fabricio/code/nftfy-backend","node_version":"12.20.1"} {"metadata":{"emulator":{"name":"functions"},"function":{"name":"api"},"message":"[runtime-status] [5609] Functions runtime initialized. {\"cwd\":\"/home/fabricio/code/nftfy-backend\",\"node_version\":\"12.20.1\"}"}}
[debug] [2021-01-14T23:15:26.492Z] [runtime-status] [5609] Disabled runtime features: undefined {"metadata":{"emulator":{"name":"functions"},"function":{"name":"api"},"message":"[runtime-status] [5609] Disabled runtime features: undefined"}}
[debug] [2021-01-14T23:15:26.494Z] [runtime-status] [5609] Resolved module firebase-admin {"declared":true,"installed":true,"version":"9.4.2","resolution":"/home/fabricio/code/nftfy-backend/node_modules/firebase-admin/lib/index.js"} {"metadata":{"emulator":{"name":"functions"},"function":{"name":"api"},"message":"[runtime-status] [5609] Resolved module firebase-admin {\"declared\":true,\"installed\":true,\"version\":\"9.4.2\",\"resolution\":\"/home/fabricio/code/nftfy-backend/node_modules/firebase-admin/lib/index.js\"}"}}
[debug] [2021-01-14T23:15:26.494Z] [runtime-status] [5609] Resolved module firebase-functions {"declared":true,"installed":true,"version":"3.13.0","resolution":"/home/fabricio/code/nftfy-backend/node_modules/firebase-functions/lib/index.js"} {"metadata":{"emulator":{"name":"functions"},"function":{"name":"api"},"message":"[runtime-status] [5609] Resolved module firebase-functions {\"declared\":true,\"installed\":true,\"version\":\"3.13.0\",\"resolution\":\"/home/fabricio/code/nftfy-backend/node_modules/firebase-functions/lib/index.js\"}"}}
[debug] [2021-01-14T23:15:26.494Z] [runtime-status] [5609] Resolved module firebase-functions {"declared":true,"installed":true,"version":"3.13.0","resolution":"/home/fabricio/code/nftfy-backend/node_modules/firebase-functions/lib/index.js"} {"metadata":{"emulator":{"name":"functions"},"function":{"name":"api"},"message":"[runtime-status] [5609] Resolved module firebase-functions {\"declared\":true,\"installed\":true,\"version\":\"3.13.0\",\"resolution\":\"/home/fabricio/code/nftfy-backend/node_modules/firebase-functions/lib/index.js\"}"}}
[debug] [2021-01-14T23:15:26.497Z] [runtime-status] [5609] Outgoing network have been stubbed. [{"name":"http","status":"mocked"},{"name":"http","status":"mocked"},{"name":"https","status":"mocked"},{"name":"https","status":"mocked"},{"name":"net","status":"mocked"}] {"metadata":{"emulator":{"name":"functions"},"function":{"name":"api"},"message":"[runtime-status] [5609] Outgoing network have been stubbed. [{\"name\":\"http\",\"status\":\"mocked\"},{\"name\":\"http\",\"status\":\"mocked\"},{\"name\":\"https\",\"status\":\"mocked\"},{\"name\":\"https\",\"status\":\"mocked\"},{\"name\":\"net\",\"status\":\"mocked\"}]"}}
[debug] [2021-01-14T23:15:26.497Z] [runtime-status] [5609] Resolved module firebase-functions {"declared":true,"installed":true,"version":"3.13.0","resolution":"/home/fabricio/code/nftfy-backend/node_modules/firebase-functions/lib/index.js"} {"metadata":{"emulator":{"name":"functions"},"function":{"name":"api"},"message":"[runtime-status] [5609] Resolved module firebase-functions {\"declared\":true,\"installed\":true,\"version\":\"3.13.0\",\"resolution\":\"/home/fabricio/code/nftfy-backend/node_modules/firebase-functions/lib/index.js\"}"}}
[debug] [2021-01-14T23:15:26.513Z] [runtime-status] [5609] Checked functions.config() {"config":{}} {"metadata":{"emulator":{"name":"functions"},"function":{"name":"api"},"message":"[runtime-status] [5609] Checked functions.config() {\"config\":{}}"}}
[debug] [2021-01-14T23:15:26.513Z] [runtime-status] [5609] firebase-functions has been stubbed. {"functionsResolution":{"declared":true,"installed":true,"version":"3.13.0","resolution":"/home/fabricio/code/nftfy-backend/node_modules/firebase-functions/lib/index.js"}} {"metadata":{"emulator":{"name":"functions"},"function":{"name":"api"},"message":"[runtime-status] [5609] firebase-functions has been stubbed. {\"functionsResolution\":{\"declared\":true,\"installed\":true,\"version\":\"3.13.0\",\"resolution\":\"/home/fabricio/code/nftfy-backend/node_modules/firebase-functions/lib/index.js\"}}"}}
[debug] [2021-01-14T23:15:26.513Z] [runtime-status] [5609] Resolved module firebase-functions {"declared":true,"installed":true,"version":"3.13.0","resolution":"/home/fabricio/code/nftfy-backend/node_modules/firebase-functions/lib/index.js"} {"metadata":{"emulator":{"name":"functions"},"function":{"name":"api"},"message":"[runtime-status] [5609] Resolved module firebase-functions {\"declared\":true,\"installed\":true,\"version\":\"3.13.0\",\"resolution\":\"/home/fabricio/code/nftfy-backend/node_modules/firebase-functions/lib/index.js\"}"}}
[debug] [2021-01-14T23:15:26.515Z] [runtime-status] [5609] Resolved module firebase-admin {"declared":true,"installed":true,"version":"9.4.2","resolution":"/home/fabricio/code/nftfy-backend/node_modules/firebase-admin/lib/index.js"} {"metadata":{"emulator":{"name":"functions"},"function":{"name":"api"},"message":"[runtime-status] [5609] Resolved module firebase-admin {\"declared\":true,\"installed\":true,\"version\":\"9.4.2\",\"resolution\":\"/home/fabricio/code/nftfy-backend/node_modules/firebase-admin/lib/index.js\"}"}}
[debug] [2021-01-14T23:15:26.516Z] [runtime-status] [5609] Resolved module firebase-functions {"declared":true,"installed":true,"version":"3.13.0","resolution":"/home/fabricio/code/nftfy-backend/node_modules/firebase-functions/lib/index.js"} {"metadata":{"emulator":{"name":"functions"},"function":{"name":"api"},"message":"[runtime-status] [5609] Resolved module firebase-functions {\"declared\":true,\"installed\":true,\"version\":\"3.13.0\",\"resolution\":\"/home/fabricio/code/nftfy-backend/node_modules/firebase-functions/lib/index.js\"}"}}
[debug] [2021-01-14T23:15:26.516Z] [runtime-status] [5609] firebase-admin has been stubbed. {"adminResolution":{"declared":true,"installed":true,"version":"9.4.2","resolution":"/home/fabricio/code/nftfy-backend/node_modules/firebase-admin/lib/index.js"}} {"metadata":{"emulator":{"name":"functions"},"function":{"name":"api"},"message":"[runtime-status] [5609] firebase-admin has been stubbed. {\"adminResolution\":{\"declared\":true,\"installed\":true,\"version\":\"9.4.2\",\"resolution\":\"/home/fabricio/code/nftfy-backend/node_modules/firebase-admin/lib/index.js\"}}"}}
[debug] [2021-01-14T23:15:26.553Z] [runtime-status] [5609] Trigger "api" has been found, beginning invocation! {"metadata":{"emulator":{"name":"functions"},"function":{"name":"api"},"message":"[runtime-status] [5609] Trigger \"api\" has been found, beginning invocation!"}}
[info] i  functions: Beginning execution of "api" {"metadata":{"emulator":{"name":"functions"},"function":{"name":"api"},"message":"Beginning execution of \"api\""}}
[debug] [2021-01-14T23:15:26.554Z] [runtime-status] [5609] triggerDefinition {"httpsTrigger":{},"name":"api","entryPoint":"api"} {"metadata":{"emulator":{"name":"functions"},"function":{"name":"api"},"message":"[runtime-status] [5609] triggerDefinition {\"httpsTrigger\":{},\"name\":\"api\",\"entryPoint\":\"api\"}"}}
[debug] [2021-01-14T23:15:26.554Z] [runtime-status] [5609] Running api in mode HTTPS {"metadata":{"emulator":{"name":"functions"},"function":{"name":"api"},"message":"[runtime-status] [5609] Running api in mode HTTPS"}}
[debug] [2021-01-14T23:15:26.555Z] [runtime-status] [5609] Attempting to listen to socketPath: /tmp/fire_emu_5609.sock {"metadata":{"emulator":{"name":"functions"},"function":{"name":"api"},"message":"[runtime-status] [5609] Attempting to listen to socketPath: /tmp/fire_emu_5609.sock"}}
[debug] [2021-01-14T23:15:26.559Z] [functions] Runtime ready! Sending request! {"metadata":{"emulator":{"name":"functions"},"message":"[functions] Runtime ready! Sending request!"}}
[debug] [2021-01-14T23:15:26.559Z] [functions] Got req.url=/nftfy-dev/us-central1/api/wallet/123/erc721, mapping to path=/wallet/123/erc721 {"metadata":{"emulator":{"name":"functions"},"message":"[functions] Got req.url=/nftfy-dev/us-central1/api/wallet/123/erc721, mapping to path=/wallet/123/erc721"}}
[debug] [2021-01-14T23:15:26.565Z] [runtime-status] [5609] Ephemeral server handling GET request {"metadata":{"emulator":{"name":"functions"},"function":{"name":"api"},"message":"[runtime-status] [5609] Ephemeral server handling GET request"}}
[info] >  getERC721 123 {"user":"getERC721 123","metadata":{"emulator":{"name":"functions"},"function":{"name":"api"},"message":"\u001b[90m> \u001b[39m getERC721 123"}}
[info] >  Env development {"user":"Env development","metadata":{"emulator":{"name":"functions"},"function":{"name":"api"},"message":"\u001b[90m> \u001b[39m Env development"}}
[debug] [2021-01-14T23:15:26.575Z] [runtime-status] [5609] Ephemeral server survived. {"metadata":{"emulator":{"name":"functions"},"function":{"name":"api"},"message":"[runtime-status] [5609] Ephemeral server survived."}}
[info] i  functions: Finished "api" in ~1s {"metadata":{"emulator":{"name":"functions"},"function":{"name":"api"},"message":"Finished \"api\" in ~1s"}}
[debug] [2021-01-14T23:15:26.594Z] [worker-api-de6eef46-4757-4b12-a6b0-08dc7a3d7d7f]: IDLE {"metadata":{"emulator":{"name":"functions"},"message":"[worker-api-de6eef46-4757-4b12-a6b0-08dc7a3d7d7f]: IDLE"}}
[debug] [2021-01-14T23:15:26.594Z] [work-queue] {"queueLength":0,"workRunningCount":0}
[debug] [2021-01-14T23:15:33.496Z] [work-queue] {"queueLength":1,"workRunningCount":0}
[debug] [2021-01-14T23:15:33.496Z] [work-queue] {"queueLength":0,"workRunningCount":1}
[debug] [2021-01-14T23:15:33.496Z] Accepted request GET /nftfy-dev/us-central1/api/wallet/123/erc721 --> api
[debug] [2021-01-14T23:15:33.496Z] [worker-pool] submitWork(triggerId=api) {"metadata":{"emulator":{"name":"functions"},"message":"[worker-pool] submitWork(triggerId=api)"}}
[debug] [2021-01-14T23:15:33.497Z] [worker-api-de6eef46-4757-4b12-a6b0-08dc7a3d7d7f]: Assigning socketPath: /tmp/fire_emu_5609.sock {"metadata":{"emulator":{"name":"functions"},"message":"[worker-api-de6eef46-4757-4b12-a6b0-08dc7a3d7d7f]: Assigning socketPath: /tmp/fire_emu_5609.sock"}}
[debug] [2021-01-14T23:15:33.497Z] [worker-api-de6eef46-4757-4b12-a6b0-08dc7a3d7d7f]: BUSY {"metadata":{"emulator":{"name":"functions"},"message":"[worker-api-de6eef46-4757-4b12-a6b0-08dc7a3d7d7f]: BUSY"}}
[debug] [2021-01-14T23:15:33.498Z] [runtime-status] [5609] Trigger "api" has been found, beginning invocation! {"metadata":{"emulator":{"name":"functions"},"function":{"name":"api"},"message":"[runtime-status] [5609] Trigger \"api\" has been found, beginning invocation!"}}
[info] i  functions: Beginning execution of "api" {"metadata":{"emulator":{"name":"functions"},"function":{"name":"api"},"message":"Beginning execution of \"api\""}}
[debug] [2021-01-14T23:15:33.498Z] [runtime-status] [5609] triggerDefinition {"httpsTrigger":{},"name":"api","entryPoint":"api"} {"metadata":{"emulator":{"name":"functions"},"function":{"name":"api"},"message":"[runtime-status] [5609] triggerDefinition {\"httpsTrigger\":{},\"name\":\"api\",\"entryPoint\":\"api\"}"}}
[debug] [2021-01-14T23:15:33.498Z] [runtime-status] [5609] Running api in mode HTTPS {"metadata":{"emulator":{"name":"functions"},"function":{"name":"api"},"message":"[runtime-status] [5609] Running api in mode HTTPS"}}
[debug] [2021-01-14T23:15:33.499Z] [runtime-status] [5609] Attempting to listen to socketPath: /tmp/fire_emu_5609.sock {"metadata":{"emulator":{"name":"functions"},"function":{"name":"api"},"message":"[runtime-status] [5609] Attempting to listen to socketPath: /tmp/fire_emu_5609.sock"}}
[debug] [2021-01-14T23:15:33.500Z] [functions] Runtime ready! Sending request! {"metadata":{"emulator":{"name":"functions"},"message":"[functions] Runtime ready! Sending request!"}}
[debug] [2021-01-14T23:15:33.500Z] [functions] Got req.url=/nftfy-dev/us-central1/api/wallet/123/erc721, mapping to path=/wallet/123/erc721 {"metadata":{"emulator":{"name":"functions"},"message":"[functions] Got req.url=/nftfy-dev/us-central1/api/wallet/123/erc721, mapping to path=/wallet/123/erc721"}}
[debug] [2021-01-14T23:15:33.503Z] [runtime-status] [5609] Ephemeral server handling GET request {"metadata":{"emulator":{"name":"functions"},"function":{"name":"api"},"message":"[runtime-status] [5609] Ephemeral server handling GET request"}}
[info] >  getERC721 123 {"user":"getERC721 123","metadata":{"emulator":{"name":"functions"},"function":{"name":"api"},"message":"\u001b[90m> \u001b[39m getERC721 123"}}
[info] >  Env development {"user":"Env development","metadata":{"emulator":{"name":"functions"},"function":{"name":"api"},"message":"\u001b[90m> \u001b[39m Env development"}}
[debug] [2021-01-14T23:15:33.504Z] [runtime-status] [5609] Ephemeral server survived. {"metadata":{"emulator":{"name":"functions"},"function":{"name":"api"},"message":"[runtime-status] [5609] Ephemeral server survived."}}
[info] i  functions: Finished "api" in ~1s {"metadata":{"emulator":{"name":"functions"},"function":{"name":"api"},"message":"Finished \"api\" in ~1s"}}
[debug] [2021-01-14T23:15:33.508Z] [worker-api-de6eef46-4757-4b12-a6b0-08dc7a3d7d7f]: IDLE {"metadata":{"emulator":{"name":"functions"},"message":"[worker-api-de6eef46-4757-4b12-a6b0-08dc7a3d7d7f]: IDLE"}}
[debug] [2021-01-14T23:15:33.509Z] [work-queue] {"queueLength":0,"workRunningCount":0}
[debug] [2021-01-14T23:15:41.739Z] File /home/fabricio/code/nftfy-backend/src/services/WalletService.ts changed, reloading triggers {"metadata":{"emulator":{"name":"functions"},"message":"File /home/fabricio/code/nftfy-backend/src/services/WalletService.ts changed, reloading triggers"}}
[debug] [2021-01-14T23:15:42.120Z] File /home/fabricio/code/nftfy-backend/build/services/WalletService.js changed, reloading triggers {"metadata":{"emulator":{"name":"functions"},"message":"File /home/fabricio/code/nftfy-backend/build/services/WalletService.js changed, reloading triggers"}}
[debug] [2021-01-14T23:15:43.120Z] [worker-pool] Shutting down IDLE worker (~diagnostic~) {"metadata":{"emulator":{"name":"functions"},"message":"[worker-pool] Shutting down IDLE worker (~diagnostic~)"}}
[debug] [2021-01-14T23:15:43.120Z] [worker-~diagnostic~-7bdee73b-d016-44a9-b2b1-c292ccb22687]: FINISHING {"metadata":{"emulator":{"name":"functions"},"message":"[worker-~diagnostic~-7bdee73b-d016-44a9-b2b1-c292ccb22687]: FINISHING"}}
[debug] [2021-01-14T23:15:43.120Z] [worker-pool] Shutting down IDLE worker (api) {"metadata":{"emulator":{"name":"functions"},"message":"[worker-pool] Shutting down IDLE worker (api)"}}
[debug] [2021-01-14T23:15:43.121Z] [worker-api-de6eef46-4757-4b12-a6b0-08dc7a3d7d7f]: FINISHING {"metadata":{"emulator":{"name":"functions"},"message":"[worker-api-de6eef46-4757-4b12-a6b0-08dc7a3d7d7f]: FINISHING"}}
[debug] [2021-01-14T23:15:43.124Z] [worker-pool] addWorker(~diagnostic~) {"metadata":{"emulator":{"name":"functions"},"message":"[worker-pool] addWorker(~diagnostic~)"}}
[debug] [2021-01-14T23:15:43.124Z] [worker-pool] Adding worker with key ~diagnostic~, total=2 {"metadata":{"emulator":{"name":"functions"},"message":"[worker-pool] Adding worker with key ~diagnostic~, total=2"}}
[debug] [2021-01-14T23:15:43.124Z] [worker-pool] submitWork(triggerId=) {"metadata":{"emulator":{"name":"functions"},"message":"[worker-pool] submitWork(triggerId=)"}}
[debug] [2021-01-14T23:15:43.124Z] [worker-~diagnostic~-0857bffe-96ea-48d0-b3f5-68d7f96dc76a]: Assigning socketPath: /tmp/fire_emu_5674.sock {"metadata":{"emulator":{"name":"functions"},"message":"[worker-~diagnostic~-0857bffe-96ea-48d0-b3f5-68d7f96dc76a]: Assigning socketPath: /tmp/fire_emu_5674.sock"}}
[debug] [2021-01-14T23:15:43.124Z] [worker-~diagnostic~-0857bffe-96ea-48d0-b3f5-68d7f96dc76a]: BUSY {"metadata":{"emulator":{"name":"functions"},"message":"[worker-~diagnostic~-0857bffe-96ea-48d0-b3f5-68d7f96dc76a]: BUSY"}}
[debug] [2021-01-14T23:15:43.126Z] [worker-~diagnostic~-7bdee73b-d016-44a9-b2b1-c292ccb22687]: exited {"metadata":{"emulator":{"name":"functions"},"message":"[worker-~diagnostic~-7bdee73b-d016-44a9-b2b1-c292ccb22687]: exited"}}
[debug] [2021-01-14T23:15:43.126Z] [worker-~diagnostic~-7bdee73b-d016-44a9-b2b1-c292ccb22687]: FINISHED {"metadata":{"emulator":{"name":"functions"},"message":"[worker-~diagnostic~-7bdee73b-d016-44a9-b2b1-c292ccb22687]: FINISHED"}}
[debug] [2021-01-14T23:15:43.126Z] [worker-api-de6eef46-4757-4b12-a6b0-08dc7a3d7d7f]: exited {"metadata":{"emulator":{"name":"functions"},"message":"[worker-api-de6eef46-4757-4b12-a6b0-08dc7a3d7d7f]: exited"}}
[debug] [2021-01-14T23:15:43.127Z] [worker-api-de6eef46-4757-4b12-a6b0-08dc7a3d7d7f]: FINISHED {"metadata":{"emulator":{"name":"functions"},"message":"[worker-api-de6eef46-4757-4b12-a6b0-08dc7a3d7d7f]: FINISHED"}}
[debug] [2021-01-14T23:15:43.202Z] [runtime-status] [5674] Functions runtime initialized. {"cwd":"/home/fabricio/code/nftfy-backend","node_version":"12.20.1"} {"metadata":{"emulator":{"name":"functions"},"message":"[runtime-status] [5674] Functions runtime initialized. {\"cwd\":\"/home/fabricio/code/nftfy-backend\",\"node_version\":\"12.20.1\"}"}}
[debug] [2021-01-14T23:15:43.204Z] [runtime-status] [5674] Disabled runtime features: undefined {"metadata":{"emulator":{"name":"functions"},"message":"[runtime-status] [5674] Disabled runtime features: undefined"}}
[debug] [2021-01-14T23:15:43.206Z] [runtime-status] [5674] Resolved module firebase-admin {"declared":true,"installed":true,"version":"9.4.2","resolution":"/home/fabricio/code/nftfy-backend/node_modules/firebase-admin/lib/index.js"} {"metadata":{"emulator":{"name":"functions"},"message":"[runtime-status] [5674] Resolved module firebase-admin {\"declared\":true,\"installed\":true,\"version\":\"9.4.2\",\"resolution\":\"/home/fabricio/code/nftfy-backend/node_modules/firebase-admin/lib/index.js\"}"}}
[debug] [2021-01-14T23:15:43.206Z] [runtime-status] [5674] Resolved module firebase-functions {"declared":true,"installed":true,"version":"3.13.0","resolution":"/home/fabricio/code/nftfy-backend/node_modules/firebase-functions/lib/index.js"} {"metadata":{"emulator":{"name":"functions"},"message":"[runtime-status] [5674] Resolved module firebase-functions {\"declared\":true,\"installed\":true,\"version\":\"3.13.0\",\"resolution\":\"/home/fabricio/code/nftfy-backend/node_modules/firebase-functions/lib/index.js\"}"}}
[debug] [2021-01-14T23:15:43.208Z] [runtime-status] [5674] Resolved module firebase-functions {"declared":true,"installed":true,"version":"3.13.0","resolution":"/home/fabricio/code/nftfy-backend/node_modules/firebase-functions/lib/index.js"} {"metadata":{"emulator":{"name":"functions"},"message":"[runtime-status] [5674] Resolved module firebase-functions {\"declared\":true,\"installed\":true,\"version\":\"3.13.0\",\"resolution\":\"/home/fabricio/code/nftfy-backend/node_modules/firebase-functions/lib/index.js\"}"}}
[debug] [2021-01-14T23:15:43.210Z] [runtime-status] [5674] Outgoing network have been stubbed. [{"name":"http","status":"mocked"},{"name":"http","status":"mocked"},{"name":"https","status":"mocked"},{"name":"https","status":"mocked"},{"name":"net","status":"mocked"}] {"metadata":{"emulator":{"name":"functions"},"message":"[runtime-status] [5674] Outgoing network have been stubbed. [{\"name\":\"http\",\"status\":\"mocked\"},{\"name\":\"http\",\"status\":\"mocked\"},{\"name\":\"https\",\"status\":\"mocked\"},{\"name\":\"https\",\"status\":\"mocked\"},{\"name\":\"net\",\"status\":\"mocked\"}]"}}
[debug] [2021-01-14T23:15:43.210Z] [runtime-status] [5674] Resolved module firebase-functions {"declared":true,"installed":true,"version":"3.13.0","resolution":"/home/fabricio/code/nftfy-backend/node_modules/firebase-functions/lib/index.js"} {"metadata":{"emulator":{"name":"functions"},"message":"[runtime-status] [5674] Resolved module firebase-functions {\"declared\":true,\"installed\":true,\"version\":\"3.13.0\",\"resolution\":\"/home/fabricio/code/nftfy-backend/node_modules/firebase-functions/lib/index.js\"}"}}
[debug] [2021-01-14T23:15:43.224Z] [runtime-status] [5674] Checked functions.config() {"config":{}} {"metadata":{"emulator":{"name":"functions"},"message":"[runtime-status] [5674] Checked functions.config() {\"config\":{}}"}}
[debug] [2021-01-14T23:15:43.224Z] [runtime-status] [5674] firebase-functions has been stubbed. {"functionsResolution":{"declared":true,"installed":true,"version":"3.13.0","resolution":"/home/fabricio/code/nftfy-backend/node_modules/firebase-functions/lib/index.js"}} {"metadata":{"emulator":{"name":"functions"},"message":"[runtime-status] [5674] firebase-functions has been stubbed. {\"functionsResolution\":{\"declared\":true,\"installed\":true,\"version\":\"3.13.0\",\"resolution\":\"/home/fabricio/code/nftfy-backend/node_modules/firebase-functions/lib/index.js\"}}"}}
[debug] [2021-01-14T23:15:43.224Z] [runtime-status] [5674] Resolved module firebase-functions {"declared":true,"installed":true,"version":"3.13.0","resolution":"/home/fabricio/code/nftfy-backend/node_modules/firebase-functions/lib/index.js"} {"metadata":{"emulator":{"name":"functions"},"message":"[runtime-status] [5674] Resolved module firebase-functions {\"declared\":true,\"installed\":true,\"version\":\"3.13.0\",\"resolution\":\"/home/fabricio/code/nftfy-backend/node_modules/firebase-functions/lib/index.js\"}"}}
[debug] [2021-01-14T23:15:43.226Z] [runtime-status] [5674] Resolved module firebase-admin {"declared":true,"installed":true,"version":"9.4.2","resolution":"/home/fabricio/code/nftfy-backend/node_modules/firebase-admin/lib/index.js"} {"metadata":{"emulator":{"name":"functions"},"message":"[runtime-status] [5674] Resolved module firebase-admin {\"declared\":true,\"installed\":true,\"version\":\"9.4.2\",\"resolution\":\"/home/fabricio/code/nftfy-backend/node_modules/firebase-admin/lib/index.js\"}"}}
[debug] [2021-01-14T23:15:43.226Z] [runtime-status] [5674] Resolved module firebase-functions {"declared":true,"installed":true,"version":"3.13.0","resolution":"/home/fabricio/code/nftfy-backend/node_modules/firebase-functions/lib/index.js"} {"metadata":{"emulator":{"name":"functions"},"message":"[runtime-status] [5674] Resolved module firebase-functions {\"declared\":true,\"installed\":true,\"version\":\"3.13.0\",\"resolution\":\"/home/fabricio/code/nftfy-backend/node_modules/firebase-functions/lib/index.js\"}"}}
[debug] [2021-01-14T23:15:43.226Z] [runtime-status] [5674] firebase-admin has been stubbed. {"adminResolution":{"declared":true,"installed":true,"version":"9.4.2","resolution":"/home/fabricio/code/nftfy-backend/node_modules/firebase-admin/lib/index.js"}} {"metadata":{"emulator":{"name":"functions"},"message":"[runtime-status] [5674] firebase-admin has been stubbed. {\"adminResolution\":{\"declared\":true,\"installed\":true,\"version\":\"9.4.2\",\"resolution\":\"/home/fabricio/code/nftfy-backend/node_modules/firebase-admin/lib/index.js\"}}"}}
[debug] [2021-01-14T23:15:43.263Z] [worker-~diagnostic~-0857bffe-96ea-48d0-b3f5-68d7f96dc76a]: IDLE {"metadata":{"emulator":{"name":"functions"},"message":"[worker-~diagnostic~-0857bffe-96ea-48d0-b3f5-68d7f96dc76a]: IDLE"}}
[debug] [2021-01-14T23:15:43.943Z] [work-queue] {"queueLength":1,"workRunningCount":0}
[debug] [2021-01-14T23:15:43.944Z] [work-queue] {"queueLength":0,"workRunningCount":1}
[debug] [2021-01-14T23:15:43.944Z] Accepted request GET /nftfy-dev/us-central1/api/wallet/123/erc721 --> api
[debug] [2021-01-14T23:15:43.944Z] [worker-pool] Cleaned up workers for ~diagnostic~: 2 --> 1 {"metadata":{"emulator":{"name":"functions"},"message":"[worker-pool] Cleaned up workers for ~diagnostic~: 2 --> 1"}}
[debug] [2021-01-14T23:15:43.944Z] [worker-pool] Cleaned up workers for api: 1 --> 0 {"metadata":{"emulator":{"name":"functions"},"message":"[worker-pool] Cleaned up workers for api: 1 --> 0"}}
[debug] [2021-01-14T23:15:43.947Z] [worker-pool] addWorker(api) {"metadata":{"emulator":{"name":"functions"},"message":"[worker-pool] addWorker(api)"}}
[debug] [2021-01-14T23:15:43.948Z] [worker-pool] Adding worker with key api, total=1 {"metadata":{"emulator":{"name":"functions"},"message":"[worker-pool] Adding worker with key api, total=1"}}
[debug] [2021-01-14T23:15:43.948Z] [worker-pool] submitWork(triggerId=api) {"metadata":{"emulator":{"name":"functions"},"message":"[worker-pool] submitWork(triggerId=api)"}}
[debug] [2021-01-14T23:15:43.948Z] [worker-api-40802312-d32f-4e24-a9a4-2dcd99430efc]: Assigning socketPath: /tmp/fire_emu_5684.sock {"metadata":{"emulator":{"name":"functions"},"message":"[worker-api-40802312-d32f-4e24-a9a4-2dcd99430efc]: Assigning socketPath: /tmp/fire_emu_5684.sock"}}
[debug] [2021-01-14T23:15:43.948Z] [worker-api-40802312-d32f-4e24-a9a4-2dcd99430efc]: BUSY {"metadata":{"emulator":{"name":"functions"},"message":"[worker-api-40802312-d32f-4e24-a9a4-2dcd99430efc]: BUSY"}}
[debug] [2021-01-14T23:15:44.025Z] [runtime-status] [5684] Functions runtime initialized. {"cwd":"/home/fabricio/code/nftfy-backend","node_version":"12.20.1"} {"metadata":{"emulator":{"name":"functions"},"function":{"name":"api"},"message":"[runtime-status] [5684] Functions runtime initialized. {\"cwd\":\"/home/fabricio/code/nftfy-backend\",\"node_version\":\"12.20.1\"}"}}
[debug] [2021-01-14T23:15:44.027Z] [runtime-status] [5684] Disabled runtime features: undefined {"metadata":{"emulator":{"name":"functions"},"function":{"name":"api"},"message":"[runtime-status] [5684] Disabled runtime features: undefined"}}
[debug] [2021-01-14T23:15:44.029Z] [runtime-status] [5684] Resolved module firebase-admin {"declared":true,"installed":true,"version":"9.4.2","resolution":"/home/fabricio/code/nftfy-backend/node_modules/firebase-admin/lib/index.js"} {"metadata":{"emulator":{"name":"functions"},"function":{"name":"api"},"message":"[runtime-status] [5684] Resolved module firebase-admin {\"declared\":true,\"installed\":true,\"version\":\"9.4.2\",\"resolution\":\"/home/fabricio/code/nftfy-backend/node_modules/firebase-admin/lib/index.js\"}"}}
[debug] [2021-01-14T23:15:44.029Z] [runtime-status] [5684] Resolved module firebase-functions {"declared":true,"installed":true,"version":"3.13.0","resolution":"/home/fabricio/code/nftfy-backend/node_modules/firebase-functions/lib/index.js"} {"metadata":{"emulator":{"name":"functions"},"function":{"name":"api"},"message":"[runtime-status] [5684] Resolved module firebase-functions {\"declared\":true,\"installed\":true,\"version\":\"3.13.0\",\"resolution\":\"/home/fabricio/code/nftfy-backend/node_modules/firebase-functions/lib/index.js\"}"}}
[debug] [2021-01-14T23:15:44.029Z] [runtime-status] [5684] Resolved module firebase-functions {"declared":true,"installed":true,"version":"3.13.0","resolution":"/home/fabricio/code/nftfy-backend/node_modules/firebase-functions/lib/index.js"} {"metadata":{"emulator":{"name":"functions"},"function":{"name":"api"},"message":"[runtime-status] [5684] Resolved module firebase-functions {\"declared\":true,\"installed\":true,\"version\":\"3.13.0\",\"resolution\":\"/home/fabricio/code/nftfy-backend/node_modules/firebase-functions/lib/index.js\"}"}}
[debug] [2021-01-14T23:15:44.031Z] [runtime-status] [5684] Outgoing network have been stubbed. [{"name":"http","status":"mocked"},{"name":"http","status":"mocked"},{"name":"https","status":"mocked"},{"name":"https","status":"mocked"},{"name":"net","status":"mocked"}] {"metadata":{"emulator":{"name":"functions"},"function":{"name":"api"},"message":"[runtime-status] [5684] Outgoing network have been stubbed. [{\"name\":\"http\",\"status\":\"mocked\"},{\"name\":\"http\",\"status\":\"mocked\"},{\"name\":\"https\",\"status\":\"mocked\"},{\"name\":\"https\",\"status\":\"mocked\"},{\"name\":\"net\",\"status\":\"mocked\"}]"}}
[debug] [2021-01-14T23:15:44.031Z] [runtime-status] [5684] Resolved module firebase-functions {"declared":true,"installed":true,"version":"3.13.0","resolution":"/home/fabricio/code/nftfy-backend/node_modules/firebase-functions/lib/index.js"} {"metadata":{"emulator":{"name":"functions"},"function":{"name":"api"},"message":"[runtime-status] [5684] Resolved module firebase-functions {\"declared\":true,\"installed\":true,\"version\":\"3.13.0\",\"resolution\":\"/home/fabricio/code/nftfy-backend/node_modules/firebase-functions/lib/index.js\"}"}}
[debug] [2021-01-14T23:15:44.045Z] [runtime-status] [5684] Checked functions.config() {"config":{}} {"metadata":{"emulator":{"name":"functions"},"function":{"name":"api"},"message":"[runtime-status] [5684] Checked functions.config() {\"config\":{}}"}}
[debug] [2021-01-14T23:15:44.045Z] [runtime-status] [5684] firebase-functions has been stubbed. {"functionsResolution":{"declared":true,"installed":true,"version":"3.13.0","resolution":"/home/fabricio/code/nftfy-backend/node_modules/firebase-functions/lib/index.js"}} {"metadata":{"emulator":{"name":"functions"},"function":{"name":"api"},"message":"[runtime-status] [5684] firebase-functions has been stubbed. {\"functionsResolution\":{\"declared\":true,\"installed\":true,\"version\":\"3.13.0\",\"resolution\":\"/home/fabricio/code/nftfy-backend/node_modules/firebase-functions/lib/index.js\"}}"}}
[debug] [2021-01-14T23:15:44.045Z] [runtime-status] [5684] Resolved module firebase-functions {"declared":true,"installed":true,"version":"3.13.0","resolution":"/home/fabricio/code/nftfy-backend/node_modules/firebase-functions/lib/index.js"} {"metadata":{"emulator":{"name":"functions"},"function":{"name":"api"},"message":"[runtime-status] [5684] Resolved module firebase-functions {\"declared\":true,\"installed\":true,\"version\":\"3.13.0\",\"resolution\":\"/home/fabricio/code/nftfy-backend/node_modules/firebase-functions/lib/index.js\"}"}}
[debug] [2021-01-14T23:15:44.048Z] [runtime-status] [5684] Resolved module firebase-admin {"declared":true,"installed":true,"version":"9.4.2","resolution":"/home/fabricio/code/nftfy-backend/node_modules/firebase-admin/lib/index.js"} {"metadata":{"emulator":{"name":"functions"},"function":{"name":"api"},"message":"[runtime-status] [5684] Resolved module firebase-admin {\"declared\":true,\"installed\":true,\"version\":\"9.4.2\",\"resolution\":\"/home/fabricio/code/nftfy-backend/node_modules/firebase-admin/lib/index.js\"}"}}
[debug] [2021-01-14T23:15:44.048Z] [runtime-status] [5684] Resolved module firebase-functions {"declared":true,"installed":true,"version":"3.13.0","resolution":"/home/fabricio/code/nftfy-backend/node_modules/firebase-functions/lib/index.js"} {"metadata":{"emulator":{"name":"functions"},"function":{"name":"api"},"message":"[runtime-status] [5684] Resolved module firebase-functions {\"declared\":true,\"installed\":true,\"version\":\"3.13.0\",\"resolution\":\"/home/fabricio/code/nftfy-backend/node_modules/firebase-functions/lib/index.js\"}"}}
[debug] [2021-01-14T23:15:44.048Z] [runtime-status] [5684] firebase-admin has been stubbed. {"adminResolution":{"declared":true,"installed":true,"version":"9.4.2","resolution":"/home/fabricio/code/nftfy-backend/node_modules/firebase-admin/lib/index.js"}} {"metadata":{"emulator":{"name":"functions"},"function":{"name":"api"},"message":"[runtime-status] [5684] firebase-admin has been stubbed. {\"adminResolution\":{\"declared\":true,\"installed\":true,\"version\":\"9.4.2\",\"resolution\":\"/home/fabricio/code/nftfy-backend/node_modules/firebase-admin/lib/index.js\"}}"}}
[debug] [2021-01-14T23:15:44.084Z] [runtime-status] [5684] Trigger "api" has been found, beginning invocation! {"metadata":{"emulator":{"name":"functions"},"function":{"name":"api"},"message":"[runtime-status] [5684] Trigger \"api\" has been found, beginning invocation!"}}
[info] i  functions: Beginning execution of "api" {"metadata":{"emulator":{"name":"functions"},"function":{"name":"api"},"message":"Beginning execution of \"api\""}}
[debug] [2021-01-14T23:15:44.084Z] [runtime-status] [5684] triggerDefinition {"httpsTrigger":{},"name":"api","entryPoint":"api"} {"metadata":{"emulator":{"name":"functions"},"function":{"name":"api"},"message":"[runtime-status] [5684] triggerDefinition {\"httpsTrigger\":{},\"name\":\"api\",\"entryPoint\":\"api\"}"}}
[debug] [2021-01-14T23:15:44.085Z] [runtime-status] [5684] Running api in mode HTTPS {"metadata":{"emulator":{"name":"functions"},"function":{"name":"api"},"message":"[runtime-status] [5684] Running api in mode HTTPS"}}
[debug] [2021-01-14T23:15:44.086Z] [runtime-status] [5684] Attempting to listen to socketPath: /tmp/fire_emu_5684.sock {"metadata":{"emulator":{"name":"functions"},"function":{"name":"api"},"message":"[runtime-status] [5684] Attempting to listen to socketPath: /tmp/fire_emu_5684.sock"}}
[debug] [2021-01-14T23:15:44.089Z] [functions] Runtime ready! Sending request! {"metadata":{"emulator":{"name":"functions"},"message":"[functions] Runtime ready! Sending request!"}}
[debug] [2021-01-14T23:15:44.089Z] [functions] Got req.url=/nftfy-dev/us-central1/api/wallet/123/erc721, mapping to path=/wallet/123/erc721 {"metadata":{"emulator":{"name":"functions"},"message":"[functions] Got req.url=/nftfy-dev/us-central1/api/wallet/123/erc721, mapping to path=/wallet/123/erc721"}}
[debug] [2021-01-14T23:15:44.095Z] [runtime-status] [5684] Ephemeral server handling GET request {"metadata":{"emulator":{"name":"functions"},"function":{"name":"api"},"message":"[runtime-status] [5684] Ephemeral server handling GET request"}}
[info] >  getERC721 123 {"user":"getERC721 123","metadata":{"emulator":{"name":"functions"},"function":{"name":"api"},"message":"\u001b[90m> \u001b[39m getERC721 123"}}
[info] >  Env development development {"user":"Env development development","metadata":{"emulator":{"name":"functions"},"function":{"name":"api"},"message":"\u001b[90m> \u001b[39m Env development development"}}
[debug] [2021-01-14T23:15:44.104Z] [runtime-status] [5684] Ephemeral server survived. {"metadata":{"emulator":{"name":"functions"},"function":{"name":"api"},"message":"[runtime-status] [5684] Ephemeral server survived."}}
[info] i  functions: Finished "api" in ~1s {"metadata":{"emulator":{"name":"functions"},"function":{"name":"api"},"message":"Finished \"api\" in ~1s"}}
[debug] [2021-01-14T23:15:44.119Z] [worker-api-40802312-d32f-4e24-a9a4-2dcd99430efc]: IDLE {"metadata":{"emulator":{"name":"functions"},"message":"[worker-api-40802312-d32f-4e24-a9a4-2dcd99430efc]: IDLE"}}
[debug] [2021-01-14T23:15:44.119Z] [work-queue] {"queueLength":0,"workRunningCount":0}
[debug] [2021-01-14T23:15:47.198Z] File /home/fabricio/code/nftfy-backend/src/services/WalletService.ts changed, reloading triggers {"metadata":{"emulator":{"name":"functions"},"message":"File /home/fabricio/code/nftfy-backend/src/services/WalletService.ts changed, reloading triggers"}}
[debug] [2021-01-14T23:15:47.621Z] File /home/fabricio/code/nftfy-backend/build/services/WalletService.js changed, reloading triggers {"metadata":{"emulator":{"name":"functions"},"message":"File /home/fabricio/code/nftfy-backend/build/services/WalletService.js changed, reloading triggers"}}
[debug] [2021-01-14T23:15:48.230Z] [work-queue] {"queueLength":1,"workRunningCount":0}
[debug] [2021-01-14T23:15:48.231Z] [work-queue] {"queueLength":0,"workRunningCount":1}
[debug] [2021-01-14T23:15:48.231Z] Accepted request GET /nftfy-dev/us-central1/api/wallet/123/erc721 --> api
[debug] [2021-01-14T23:15:48.231Z] [worker-pool] submitWork(triggerId=api) {"metadata":{"emulator":{"name":"functions"},"message":"[worker-pool] submitWork(triggerId=api)"}}
[debug] [2021-01-14T23:15:48.231Z] [worker-api-40802312-d32f-4e24-a9a4-2dcd99430efc]: Assigning socketPath: /tmp/fire_emu_5684.sock {"metadata":{"emulator":{"name":"functions"},"message":"[worker-api-40802312-d32f-4e24-a9a4-2dcd99430efc]: Assigning socketPath: /tmp/fire_emu_5684.sock"}}
[debug] [2021-01-14T23:15:48.231Z] [worker-api-40802312-d32f-4e24-a9a4-2dcd99430efc]: BUSY {"metadata":{"emulator":{"name":"functions"},"message":"[worker-api-40802312-d32f-4e24-a9a4-2dcd99430efc]: BUSY"}}
[debug] [2021-01-14T23:15:48.233Z] [runtime-status] [5684] Trigger "api" has been found, beginning invocation! {"metadata":{"emulator":{"name":"functions"},"function":{"name":"api"},"message":"[runtime-status] [5684] Trigger \"api\" has been found, beginning invocation!"}}
[info] i  functions: Beginning execution of "api" {"metadata":{"emulator":{"name":"functions"},"function":{"name":"api"},"message":"Beginning execution of \"api\""}}
[debug] [2021-01-14T23:15:48.233Z] [runtime-status] [5684] triggerDefinition {"httpsTrigger":{},"name":"api","entryPoint":"api"} {"metadata":{"emulator":{"name":"functions"},"function":{"name":"api"},"message":"[runtime-status] [5684] triggerDefinition {\"httpsTrigger\":{},\"name\":\"api\",\"entryPoint\":\"api\"}"}}
[debug] [2021-01-14T23:15:48.233Z] [runtime-status] [5684] Running api in mode HTTPS {"metadata":{"emulator":{"name":"functions"},"function":{"name":"api"},"message":"[runtime-status] [5684] Running api in mode HTTPS"}}
[debug] [2021-01-14T23:15:48.233Z] [runtime-status] [5684] Attempting to listen to socketPath: /tmp/fire_emu_5684.sock {"metadata":{"emulator":{"name":"functions"},"function":{"name":"api"},"message":"[runtime-status] [5684] Attempting to listen to socketPath: /tmp/fire_emu_5684.sock"}}
[debug] [2021-01-14T23:15:48.234Z] [functions] Runtime ready! Sending request! {"metadata":{"emulator":{"name":"functions"},"message":"[functions] Runtime ready! Sending request!"}}
[debug] [2021-01-14T23:15:48.234Z] [functions] Got req.url=/nftfy-dev/us-central1/api/wallet/123/erc721, mapping to path=/wallet/123/erc721 {"metadata":{"emulator":{"name":"functions"},"message":"[functions] Got req.url=/nftfy-dev/us-central1/api/wallet/123/erc721, mapping to path=/wallet/123/erc721"}}
[debug] [2021-01-14T23:15:48.238Z] [runtime-status] [5684] Ephemeral server handling GET request {"metadata":{"emulator":{"name":"functions"},"function":{"name":"api"},"message":"[runtime-status] [5684] Ephemeral server handling GET request"}}
[debug] [2021-01-14T23:15:48.238Z] [runtime-status] [5684] Ephemeral server survived. {"metadata":{"emulator":{"name":"functions"},"function":{"name":"api"},"message":"[runtime-status] [5684] Ephemeral server survived."}}
[info] >  getERC721 123 {"user":"getERC721 123","metadata":{"emulator":{"name":"functions"},"function":{"name":"api"},"message":"\u001b[90m> \u001b[39m getERC721 123"}}
[info] >  Env development development {"user":"Env development development","metadata":{"emulator":{"name":"functions"},"function":{"name":"api"},"message":"\u001b[90m> \u001b[39m Env development development"}}
[info] i  functions: Finished "api" in ~1s {"metadata":{"emulator":{"name":"functions"},"function":{"name":"api"},"message":"Finished \"api\" in ~1s"}}
[debug] [2021-01-14T23:15:48.240Z] [worker-api-40802312-d32f-4e24-a9a4-2dcd99430efc]: IDLE {"metadata":{"emulator":{"name":"functions"},"message":"[worker-api-40802312-d32f-4e24-a9a4-2dcd99430efc]: IDLE"}}
[debug] [2021-01-14T23:15:48.241Z] [work-queue] {"queueLength":0,"workRunningCount":0}
[debug] [2021-01-14T23:15:48.622Z] [worker-pool] Shutting down IDLE worker (~diagnostic~) {"metadata":{"emulator":{"name":"functions"},"message":"[worker-pool] Shutting down IDLE worker (~diagnostic~)"}}
[debug] [2021-01-14T23:15:48.622Z] [worker-~diagnostic~-0857bffe-96ea-48d0-b3f5-68d7f96dc76a]: FINISHING {"metadata":{"emulator":{"name":"functions"},"message":"[worker-~diagnostic~-0857bffe-96ea-48d0-b3f5-68d7f96dc76a]: FINISHING"}}
[debug] [2021-01-14T23:15:48.622Z] [worker-pool] Shutting down IDLE worker (api) {"metadata":{"emulator":{"name":"functions"},"message":"[worker-pool] Shutting down IDLE worker (api)"}}
[debug] [2021-01-14T23:15:48.622Z] [worker-api-40802312-d32f-4e24-a9a4-2dcd99430efc]: FINISHING {"metadata":{"emulator":{"name":"functions"},"message":"[worker-api-40802312-d32f-4e24-a9a4-2dcd99430efc]: FINISHING"}}
[debug] [2021-01-14T23:15:48.626Z] [worker-pool] addWorker(~diagnostic~) {"metadata":{"emulator":{"name":"functions"},"message":"[worker-pool] addWorker(~diagnostic~)"}}
[debug] [2021-01-14T23:15:48.626Z] [worker-pool] Adding worker with key ~diagnostic~, total=2 {"metadata":{"emulator":{"name":"functions"},"message":"[worker-pool] Adding worker with key ~diagnostic~, total=2"}}
[debug] [2021-01-14T23:15:48.626Z] [worker-pool] submitWork(triggerId=) {"metadata":{"emulator":{"name":"functions"},"message":"[worker-pool] submitWork(triggerId=)"}}
[debug] [2021-01-14T23:15:48.626Z] [worker-~diagnostic~-7b827810-d154-4465-b253-e8dc1c636aff]: Assigning socketPath: /tmp/fire_emu_5710.sock {"metadata":{"emulator":{"name":"functions"},"message":"[worker-~diagnostic~-7b827810-d154-4465-b253-e8dc1c636aff]: Assigning socketPath: /tmp/fire_emu_5710.sock"}}
[debug] [2021-01-14T23:15:48.626Z] [worker-~diagnostic~-7b827810-d154-4465-b253-e8dc1c636aff]: BUSY {"metadata":{"emulator":{"name":"functions"},"message":"[worker-~diagnostic~-7b827810-d154-4465-b253-e8dc1c636aff]: BUSY"}}
[debug] [2021-01-14T23:15:48.627Z] [worker-~diagnostic~-0857bffe-96ea-48d0-b3f5-68d7f96dc76a]: exited {"metadata":{"emulator":{"name":"functions"},"message":"[worker-~diagnostic~-0857bffe-96ea-48d0-b3f5-68d7f96dc76a]: exited"}}
[debug] [2021-01-14T23:15:48.627Z] [worker-~diagnostic~-0857bffe-96ea-48d0-b3f5-68d7f96dc76a]: FINISHED {"metadata":{"emulator":{"name":"functions"},"message":"[worker-~diagnostic~-0857bffe-96ea-48d0-b3f5-68d7f96dc76a]: FINISHED"}}
[debug] [2021-01-14T23:15:48.627Z] [worker-api-40802312-d32f-4e24-a9a4-2dcd99430efc]: exited {"metadata":{"emulator":{"name":"functions"},"message":"[worker-api-40802312-d32f-4e24-a9a4-2dcd99430efc]: exited"}}
[debug] [2021-01-14T23:15:48.627Z] [worker-api-40802312-d32f-4e24-a9a4-2dcd99430efc]: FINISHED {"metadata":{"emulator":{"name":"functions"},"message":"[worker-api-40802312-d32f-4e24-a9a4-2dcd99430efc]: FINISHED"}}
[debug] [2021-01-14T23:15:48.706Z] [runtime-status] [5710] Functions runtime initialized. {"cwd":"/home/fabricio/code/nftfy-backend","node_version":"12.20.1"} {"metadata":{"emulator":{"name":"functions"},"message":"[runtime-status] [5710] Functions runtime initialized. {\"cwd\":\"/home/fabricio/code/nftfy-backend\",\"node_version\":\"12.20.1\"}"}}
[debug] [2021-01-14T23:15:48.708Z] [runtime-status] [5710] Disabled runtime features: undefined {"metadata":{"emulator":{"name":"functions"},"message":"[runtime-status] [5710] Disabled runtime features: undefined"}}
[debug] [2021-01-14T23:15:48.709Z] [runtime-status] [5710] Resolved module firebase-admin {"declared":true,"installed":true,"version":"9.4.2","resolution":"/home/fabricio/code/nftfy-backend/node_modules/firebase-admin/lib/index.js"} {"metadata":{"emulator":{"name":"functions"},"message":"[runtime-status] [5710] Resolved module firebase-admin {\"declared\":true,\"installed\":true,\"version\":\"9.4.2\",\"resolution\":\"/home/fabricio/code/nftfy-backend/node_modules/firebase-admin/lib/index.js\"}"}}
[debug] [2021-01-14T23:15:48.711Z] [runtime-status] [5710] Resolved module firebase-functions {"declared":true,"installed":true,"version":"3.13.0","resolution":"/home/fabricio/code/nftfy-backend/node_modules/firebase-functions/lib/index.js"} {"metadata":{"emulator":{"name":"functions"},"message":"[runtime-status] [5710] Resolved module firebase-functions {\"declared\":true,\"installed\":true,\"version\":\"3.13.0\",\"resolution\":\"/home/fabricio/code/nftfy-backend/node_modules/firebase-functions/lib/index.js\"}"}}
[debug] [2021-01-14T23:15:48.711Z] [runtime-status] [5710] Resolved module firebase-functions {"declared":true,"installed":true,"version":"3.13.0","resolution":"/home/fabricio/code/nftfy-backend/node_modules/firebase-functions/lib/index.js"} {"metadata":{"emulator":{"name":"functions"},"message":"[runtime-status] [5710] Resolved module firebase-functions {\"declared\":true,\"installed\":true,\"version\":\"3.13.0\",\"resolution\":\"/home/fabricio/code/nftfy-backend/node_modules/firebase-functions/lib/index.js\"}"}}
[debug] [2021-01-14T23:15:48.712Z] [runtime-status] [5710] Outgoing network have been stubbed. [{"name":"http","status":"mocked"},{"name":"http","status":"mocked"},{"name":"https","status":"mocked"},{"name":"https","status":"mocked"},{"name":"net","status":"mocked"}] {"metadata":{"emulator":{"name":"functions"},"message":"[runtime-status] [5710] Outgoing network have been stubbed. [{\"name\":\"http\",\"status\":\"mocked\"},{\"name\":\"http\",\"status\":\"mocked\"},{\"name\":\"https\",\"status\":\"mocked\"},{\"name\":\"https\",\"status\":\"mocked\"},{\"name\":\"net\",\"status\":\"mocked\"}]"}}
[debug] [2021-01-14T23:15:48.712Z] [runtime-status] [5710] Resolved module firebase-functions {"declared":true,"installed":true,"version":"3.13.0","resolution":"/home/fabricio/code/nftfy-backend/node_modules/firebase-functions/lib/index.js"} {"metadata":{"emulator":{"name":"functions"},"message":"[runtime-status] [5710] Resolved module firebase-functions {\"declared\":true,\"installed\":true,\"version\":\"3.13.0\",\"resolution\":\"/home/fabricio/code/nftfy-backend/node_modules/firebase-functions/lib/index.js\"}"}}
[debug] [2021-01-14T23:15:48.726Z] [runtime-status] [5710] Checked functions.config() {"config":{}} {"metadata":{"emulator":{"name":"functions"},"message":"[runtime-status] [5710] Checked functions.config() {\"config\":{}}"}}
[debug] [2021-01-14T23:15:48.726Z] [runtime-status] [5710] firebase-functions has been stubbed. {"functionsResolution":{"declared":true,"installed":true,"version":"3.13.0","resolution":"/home/fabricio/code/nftfy-backend/node_modules/firebase-functions/lib/index.js"}} {"metadata":{"emulator":{"name":"functions"},"message":"[runtime-status] [5710] firebase-functions has been stubbed. {\"functionsResolution\":{\"declared\":true,\"installed\":true,\"version\":\"3.13.0\",\"resolution\":\"/home/fabricio/code/nftfy-backend/node_modules/firebase-functions/lib/index.js\"}}"}}
[debug] [2021-01-14T23:15:48.726Z] [runtime-status] [5710] Resolved module firebase-functions {"declared":true,"installed":true,"version":"3.13.0","resolution":"/home/fabricio/code/nftfy-backend/node_modules/firebase-functions/lib/index.js"} {"metadata":{"emulator":{"name":"functions"},"message":"[runtime-status] [5710] Resolved module firebase-functions {\"declared\":true,\"installed\":true,\"version\":\"3.13.0\",\"resolution\":\"/home/fabricio/code/nftfy-backend/node_modules/firebase-functions/lib/index.js\"}"}}
[debug] [2021-01-14T23:15:48.728Z] [runtime-status] [5710] Resolved module firebase-admin {"declared":true,"installed":true,"version":"9.4.2","resolution":"/home/fabricio/code/nftfy-backend/node_modules/firebase-admin/lib/index.js"} {"metadata":{"emulator":{"name":"functions"},"message":"[runtime-status] [5710] Resolved module firebase-admin {\"declared\":true,\"installed\":true,\"version\":\"9.4.2\",\"resolution\":\"/home/fabricio/code/nftfy-backend/node_modules/firebase-admin/lib/index.js\"}"}}
[debug] [2021-01-14T23:15:48.728Z] [runtime-status] [5710] Resolved module firebase-functions {"declared":true,"installed":true,"version":"3.13.0","resolution":"/home/fabricio/code/nftfy-backend/node_modules/firebase-functions/lib/index.js"} {"metadata":{"emulator":{"name":"functions"},"message":"[runtime-status] [5710] Resolved module firebase-functions {\"declared\":true,\"installed\":true,\"version\":\"3.13.0\",\"resolution\":\"/home/fabricio/code/nftfy-backend/node_modules/firebase-functions/lib/index.js\"}"}}
[debug] [2021-01-14T23:15:48.728Z] [runtime-status] [5710] firebase-admin has been stubbed. {"adminResolution":{"declared":true,"installed":true,"version":"9.4.2","resolution":"/home/fabricio/code/nftfy-backend/node_modules/firebase-admin/lib/index.js"}} {"metadata":{"emulator":{"name":"functions"},"message":"[runtime-status] [5710] firebase-admin has been stubbed. {\"adminResolution\":{\"declared\":true,\"installed\":true,\"version\":\"9.4.2\",\"resolution\":\"/home/fabricio/code/nftfy-backend/node_modules/firebase-admin/lib/index.js\"}}"}}
[debug] [2021-01-14T23:15:48.766Z] [worker-~diagnostic~-7b827810-d154-4465-b253-e8dc1c636aff]: IDLE {"metadata":{"emulator":{"name":"functions"},"message":"[worker-~diagnostic~-7b827810-d154-4465-b253-e8dc1c636aff]: IDLE"}}
[debug] [2021-01-14T23:16:18.009Z] File /home/fabricio/code/nftfy-backend/src/services/WalletService.ts changed, reloading triggers {"metadata":{"emulator":{"name":"functions"},"message":"File /home/fabricio/code/nftfy-backend/src/services/WalletService.ts changed, reloading triggers"}}
[debug] [2021-01-14T23:16:18.406Z] File /home/fabricio/code/nftfy-backend/build/services/WalletService.js changed, reloading triggers {"metadata":{"emulator":{"name":"functions"},"message":"File /home/fabricio/code/nftfy-backend/build/services/WalletService.js changed, reloading triggers"}}
[debug] [2021-01-14T23:16:19.407Z] [worker-pool] Shutting down IDLE worker (~diagnostic~) {"metadata":{"emulator":{"name":"functions"},"message":"[worker-pool] Shutting down IDLE worker (~diagnostic~)"}}
[debug] [2021-01-14T23:16:19.408Z] [worker-~diagnostic~-7b827810-d154-4465-b253-e8dc1c636aff]: FINISHING {"metadata":{"emulator":{"name":"functions"},"message":"[worker-~diagnostic~-7b827810-d154-4465-b253-e8dc1c636aff]: FINISHING"}}
[debug] [2021-01-14T23:16:19.408Z] [worker-pool] Cleaned up workers for ~diagnostic~: 2 --> 1 {"metadata":{"emulator":{"name":"functions"},"message":"[worker-pool] Cleaned up workers for ~diagnostic~: 2 --> 1"}}
[debug] [2021-01-14T23:16:19.408Z] [worker-pool] Cleaned up workers for api: 1 --> 0 {"metadata":{"emulator":{"name":"functions"},"message":"[worker-pool] Cleaned up workers for api: 1 --> 0"}}
[debug] [2021-01-14T23:16:19.414Z] [worker-pool] addWorker(~diagnostic~) {"metadata":{"emulator":{"name":"functions"},"message":"[worker-pool] addWorker(~diagnostic~)"}}
[debug] [2021-01-14T23:16:19.414Z] [worker-pool] Adding worker with key ~diagnostic~, total=2 {"metadata":{"emulator":{"name":"functions"},"message":"[worker-pool] Adding worker with key ~diagnostic~, total=2"}}
[debug] [2021-01-14T23:16:19.415Z] [worker-pool] submitWork(triggerId=) {"metadata":{"emulator":{"name":"functions"},"message":"[worker-pool] submitWork(triggerId=)"}}
[debug] [2021-01-14T23:16:19.415Z] [worker-~diagnostic~-7d31c642-e0a0-476d-897a-d1a06bd5c7b5]: Assigning socketPath: /tmp/fire_emu_5828.sock {"metadata":{"emulator":{"name":"functions"},"message":"[worker-~diagnostic~-7d31c642-e0a0-476d-897a-d1a06bd5c7b5]: Assigning socketPath: /tmp/fire_emu_5828.sock"}}
[debug] [2021-01-14T23:16:19.415Z] [worker-~diagnostic~-7d31c642-e0a0-476d-897a-d1a06bd5c7b5]: BUSY {"metadata":{"emulator":{"name":"functions"},"message":"[worker-~diagnostic~-7d31c642-e0a0-476d-897a-d1a06bd5c7b5]: BUSY"}}
[debug] [2021-01-14T23:16:19.419Z] [worker-~diagnostic~-7b827810-d154-4465-b253-e8dc1c636aff]: exited {"metadata":{"emulator":{"name":"functions"},"message":"[worker-~diagnostic~-7b827810-d154-4465-b253-e8dc1c636aff]: exited"}}
[debug] [2021-01-14T23:16:19.419Z] [worker-~diagnostic~-7b827810-d154-4465-b253-e8dc1c636aff]: FINISHED {"metadata":{"emulator":{"name":"functions"},"message":"[worker-~diagnostic~-7b827810-d154-4465-b253-e8dc1c636aff]: FINISHED"}}
[debug] [2021-01-14T23:16:19.495Z] [runtime-status] [5828] Functions runtime initialized. {"cwd":"/home/fabricio/code/nftfy-backend","node_version":"12.20.1"} {"metadata":{"emulator":{"name":"functions"},"message":"[runtime-status] [5828] Functions runtime initialized. {\"cwd\":\"/home/fabricio/code/nftfy-backend\",\"node_version\":\"12.20.1\"}"}}
[debug] [2021-01-14T23:16:19.497Z] [runtime-status] [5828] Disabled runtime features: undefined {"metadata":{"emulator":{"name":"functions"},"message":"[runtime-status] [5828] Disabled runtime features: undefined"}}
[debug] [2021-01-14T23:16:19.497Z] [runtime-status] [5828] Resolved module firebase-admin {"declared":true,"installed":true,"version":"9.4.2","resolution":"/home/fabricio/code/nftfy-backend/node_modules/firebase-admin/lib/index.js"} {"metadata":{"emulator":{"name":"functions"},"message":"[runtime-status] [5828] Resolved module firebase-admin {\"declared\":true,\"installed\":true,\"version\":\"9.4.2\",\"resolution\":\"/home/fabricio/code/nftfy-backend/node_modules/firebase-admin/lib/index.js\"}"}}
[debug] [2021-01-14T23:16:19.499Z] [runtime-status] [5828] Resolved module firebase-functions {"declared":true,"installed":true,"version":"3.13.0","resolution":"/home/fabricio/code/nftfy-backend/node_modules/firebase-functions/lib/index.js"} {"metadata":{"emulator":{"name":"functions"},"message":"[runtime-status] [5828] Resolved module firebase-functions {\"declared\":true,\"installed\":true,\"version\":\"3.13.0\",\"resolution\":\"/home/fabricio/code/nftfy-backend/node_modules/firebase-functions/lib/index.js\"}"}}
[debug] [2021-01-14T23:16:19.500Z] [runtime-status] [5828] Resolved module firebase-functions {"declared":true,"installed":true,"version":"3.13.0","resolution":"/home/fabricio/code/nftfy-backend/node_modules/firebase-functions/lib/index.js"} {"metadata":{"emulator":{"name":"functions"},"message":"[runtime-status] [5828] Resolved module firebase-functions {\"declared\":true,\"installed\":true,\"version\":\"3.13.0\",\"resolution\":\"/home/fabricio/code/nftfy-backend/node_modules/firebase-functions/lib/index.js\"}"}}
[debug] [2021-01-14T23:16:19.500Z] [runtime-status] [5828] Outgoing network have been stubbed. [{"name":"http","status":"mocked"},{"name":"http","status":"mocked"},{"name":"https","status":"mocked"},{"name":"https","status":"mocked"},{"name":"net","status":"mocked"}] {"metadata":{"emulator":{"name":"functions"},"message":"[runtime-status] [5828] Outgoing network have been stubbed. [{\"name\":\"http\",\"status\":\"mocked\"},{\"name\":\"http\",\"status\":\"mocked\"},{\"name\":\"https\",\"status\":\"mocked\"},{\"name\":\"https\",\"status\":\"mocked\"},{\"name\":\"net\",\"status\":\"mocked\"}]"}}
[debug] [2021-01-14T23:16:19.500Z] [runtime-status] [5828] Resolved module firebase-functions {"declared":true,"installed":true,"version":"3.13.0","resolution":"/home/fabricio/code/nftfy-backend/node_modules/firebase-functions/lib/index.js"} {"metadata":{"emulator":{"name":"functions"},"message":"[runtime-status] [5828] Resolved module firebase-functions {\"declared\":true,\"installed\":true,\"version\":\"3.13.0\",\"resolution\":\"/home/fabricio/code/nftfy-backend/node_modules/firebase-functions/lib/index.js\"}"}}
[debug] [2021-01-14T23:16:19.512Z] [runtime-status] [5828] Checked functions.config() {"config":{}} {"metadata":{"emulator":{"name":"functions"},"message":"[runtime-status] [5828] Checked functions.config() {\"config\":{}}"}}
[debug] [2021-01-14T23:16:19.512Z] [runtime-status] [5828] firebase-functions has been stubbed. {"functionsResolution":{"declared":true,"installed":true,"version":"3.13.0","resolution":"/home/fabricio/code/nftfy-backend/node_modules/firebase-functions/lib/index.js"}} {"metadata":{"emulator":{"name":"functions"},"message":"[runtime-status] [5828] firebase-functions has been stubbed. {\"functionsResolution\":{\"declared\":true,\"installed\":true,\"version\":\"3.13.0\",\"resolution\":\"/home/fabricio/code/nftfy-backend/node_modules/firebase-functions/lib/index.js\"}}"}}
[debug] [2021-01-14T23:16:19.513Z] [runtime-status] [5828] Resolved module firebase-functions {"declared":true,"installed":true,"version":"3.13.0","resolution":"/home/fabricio/code/nftfy-backend/node_modules/firebase-functions/lib/index.js"} {"metadata":{"emulator":{"name":"functions"},"message":"[runtime-status] [5828] Resolved module firebase-functions {\"declared\":true,\"installed\":true,\"version\":\"3.13.0\",\"resolution\":\"/home/fabricio/code/nftfy-backend/node_modules/firebase-functions/lib/index.js\"}"}}
[debug] [2021-01-14T23:16:19.514Z] [runtime-status] [5828] Resolved module firebase-admin {"declared":true,"installed":true,"version":"9.4.2","resolution":"/home/fabricio/code/nftfy-backend/node_modules/firebase-admin/lib/index.js"} {"metadata":{"emulator":{"name":"functions"},"message":"[runtime-status] [5828] Resolved module firebase-admin {\"declared\":true,\"installed\":true,\"version\":\"9.4.2\",\"resolution\":\"/home/fabricio/code/nftfy-backend/node_modules/firebase-admin/lib/index.js\"}"}}
[debug] [2021-01-14T23:16:19.514Z] [runtime-status] [5828] Resolved module firebase-functions {"declared":true,"installed":true,"version":"3.13.0","resolution":"/home/fabricio/code/nftfy-backend/node_modules/firebase-functions/lib/index.js"} {"metadata":{"emulator":{"name":"functions"},"message":"[runtime-status] [5828] Resolved module firebase-functions {\"declared\":true,\"installed\":true,\"version\":\"3.13.0\",\"resolution\":\"/home/fabricio/code/nftfy-backend/node_modules/firebase-functions/lib/index.js\"}"}}
[debug] [2021-01-14T23:16:19.514Z] [runtime-status] [5828] firebase-admin has been stubbed. {"adminResolution":{"declared":true,"installed":true,"version":"9.4.2","resolution":"/home/fabricio/code/nftfy-backend/node_modules/firebase-admin/lib/index.js"}} {"metadata":{"emulator":{"name":"functions"},"message":"[runtime-status] [5828] firebase-admin has been stubbed. {\"adminResolution\":{\"declared\":true,\"installed\":true,\"version\":\"9.4.2\",\"resolution\":\"/home/fabricio/code/nftfy-backend/node_modules/firebase-admin/lib/index.js\"}}"}}
[debug] [2021-01-14T23:16:19.550Z] [worker-~diagnostic~-7d31c642-e0a0-476d-897a-d1a06bd5c7b5]: IDLE {"metadata":{"emulator":{"name":"functions"},"message":"[worker-~diagnostic~-7d31c642-e0a0-476d-897a-d1a06bd5c7b5]: IDLE"}}
